2022-11-18 11:13:53.481  INFO 30688 --- [main] dev.orwin.App.AppApplication             : Starting AppApplication using Java 1.8.0_311 on DESKTOP-VFLGLUH with PID 30688 (C:\Users\Desktop\Desktop\Work\Batches\221010\Spring\App\target\classes started by Desktop in C:\Users\Desktop\Desktop\Work\Batches\221010\Spring\App)
2022-11-18 11:13:53.497  INFO 30688 --- [main] dev.orwin.App.AppApplication             : No active profile set, falling back to 1 default profile: "default"
2022-11-18 11:13:56.428  INFO 30688 --- [main] .s.d.r.c.RepositoryConfigurationDelegate : Bootstrapping Spring Data JPA repositories in DEFAULT mode.
2022-11-18 11:13:56.684  INFO 30688 --- [main] .s.d.r.c.RepositoryConfigurationDelegate : Finished Spring Data repository scanning in 198 ms. Found 1 JPA repository interfaces.
2022-11-18 11:14:00.199  INFO 30688 --- [main] o.s.b.w.embedded.tomcat.TomcatWebServer  : Tomcat initialized with port(s): 8080 (http)
2022-11-18 11:14:00.226  INFO 30688 --- [main] o.apache.catalina.core.StandardService   : Starting service [Tomcat]
2022-11-18 11:14:00.227  INFO 30688 --- [main] org.apache.catalina.core.StandardEngine  : Starting Servlet engine: [Apache Tomcat/9.0.68]
2022-11-18 11:14:01.339  INFO 30688 --- [main] o.a.c.c.C.[Tomcat].[localhost].[/]       : Initializing Spring embedded WebApplicationContext
2022-11-18 11:14:01.340  INFO 30688 --- [main] w.s.c.ServletWebServerApplicationContext : Root WebApplicationContext: initialization completed in 7655 ms
2022-11-18 11:14:02.464  INFO 30688 --- [main] com.zaxxer.hikari.HikariDataSource       : HikariPool-1 - Starting...
2022-11-18 11:14:03.431  INFO 30688 --- [main] com.zaxxer.hikari.HikariDataSource       : HikariPool-1 - Start completed.
2022-11-18 11:14:03.532  INFO 30688 --- [main] o.hibernate.jpa.internal.util.LogHelper  : HHH000204: Processing PersistenceUnitInfo [name: default]
2022-11-18 11:14:03.696  INFO 30688 --- [main] org.hibernate.Version                    : HHH000412: Hibernate ORM core version 5.6.12.Final
2022-11-18 11:14:04.241  INFO 30688 --- [main] o.hibernate.annotations.common.Version   : HCANN000001: Hibernate Commons Annotations {5.1.2.Final}
2022-11-18 11:14:04.638  INFO 30688 --- [main] org.hibernate.dialect.Dialect            : HHH000400: Using dialect: org.hibernate.dialect.PostgreSQL10Dialect
2022-11-18 11:14:06.137  INFO 30688 --- [main] o.h.e.t.j.p.i.JtaPlatformInitiator       : HHH000490: Using JtaPlatform implementation: [org.hibernate.engine.transaction.jta.platform.internal.NoJtaPlatform]
2022-11-18 11:14:06.162  INFO 30688 --- [main] j.LocalContainerEntityManagerFactoryBean : Initialized JPA EntityManagerFactory for persistence unit 'default'
2022-11-18 11:14:07.412  WARN 30688 --- [main] JpaBaseConfiguration$JpaWebConfiguration : spring.jpa.open-in-view is enabled by default. Therefore, database queries may be performed during view rendering. Explicitly configure spring.jpa.open-in-view to disable this warning
2022-11-18 11:14:08.976  INFO 30688 --- [main] o.s.b.a.e.web.EndpointLinksResolver      : Exposing 15 endpoint(s) beneath base path '/actuator'
2022-11-18 11:14:09.098  INFO 30688 --- [main] o.s.b.w.embedded.tomcat.TomcatWebServer  : Tomcat started on port(s): 8080 (http) with context path ''
2022-11-18 11:14:09.122  INFO 30688 --- [main] dev.orwin.App.AppApplication             : Started AppApplication in 17.504 seconds (JVM running for 19.353)
2022-11-18 11:14:30.625  INFO 30688 --- [http-nio-8080-exec-4] o.a.c.c.C.[Tomcat].[localhost].[/]       : Initializing Spring DispatcherServlet 'dispatcherServlet'
2022-11-18 11:14:30.626  INFO 30688 --- [http-nio-8080-exec-4] o.s.web.servlet.DispatcherServlet        : Initializing Servlet 'dispatcherServlet'
2022-11-18 11:14:30.629  INFO 30688 --- [http-nio-8080-exec-4] o.s.web.servlet.DispatcherServlet        : Completed initialization in 2 ms
2022-11-18 11:14:30.701  INFO 30688 --- [http-nio-8080-exec-4] dev.orwin.aspects.LoggingAspect          : Request was called and handled
2022-11-18 11:14:57.441  INFO 30688 --- [http-nio-8080-exec-1] dev.orwin.aspects.LoggingAspect          : Request was called and handled
2022-11-18 11:14:58.133  INFO 30688 --- [http-nio-8080-exec-2] dev.orwin.aspects.LoggingAspect          : Request was called and handled
2022-11-18 11:14:58.938  INFO 30688 --- [http-nio-8080-exec-3] dev.orwin.aspects.LoggingAspect          : Request was called and handled
2022-11-18 11:14:59.227  INFO 30688 --- [http-nio-8080-exec-6] dev.orwin.aspects.LoggingAspect          : Request was called and handled
2022-11-18 11:14:59.641  INFO 30688 --- [http-nio-8080-exec-7] dev.orwin.aspects.LoggingAspect          : Request was called and handled
2022-11-18 11:14:59.897  INFO 30688 --- [http-nio-8080-exec-10] dev.orwin.aspects.LoggingAspect          : Request was called and handled
2022-11-18 11:15:00.292  INFO 30688 --- [http-nio-8080-exec-8] dev.orwin.aspects.LoggingAspect          : Request was called and handled
2022-11-18 11:15:00.559  INFO 30688 --- [http-nio-8080-exec-9] dev.orwin.aspects.LoggingAspect          : Request was called and handled
2022-11-18 11:15:00.965  INFO 30688 --- [http-nio-8080-exec-4] dev.orwin.aspects.LoggingAspect          : Request was called and handled
2022-11-18 11:15:01.456  INFO 30688 --- [http-nio-8080-exec-5] dev.orwin.aspects.LoggingAspect          : Request was called and handled
2022-11-18 11:15:02.043  INFO 30688 --- [http-nio-8080-exec-1] dev.orwin.aspects.LoggingAspect          : Request was called and handled
2022-11-18 11:15:02.338  INFO 30688 --- [http-nio-8080-exec-2] dev.orwin.aspects.LoggingAspect          : Request was called and handled
2022-11-18 11:15:02.668  INFO 30688 --- [http-nio-8080-exec-3] dev.orwin.aspects.LoggingAspect          : Request was called and handled
2022-11-18 11:19:43.972  INFO 30688 --- [SpringApplicationShutdownHook] j.LocalContainerEntityManagerFactoryBean : Closing JPA EntityManagerFactory for persistence unit 'default'
2022-11-18 11:19:43.978  INFO 30688 --- [SpringApplicationShutdownHook] com.zaxxer.hikari.HikariDataSource       : HikariPool-1 - Shutdown initiated...
2022-11-18 11:19:43.991  INFO 30688 --- [SpringApplicationShutdownHook] com.zaxxer.hikari.HikariDataSource       : HikariPool-1 - Shutdown completed.
